<?xml version="1.0" encoding="UTF-8"?>
<testsuite xmlns:xsi="http://www.w3.org/2001/XMLSchema-instance" xsi:noNamespaceSchemaLocation="https://maven.apache.org/surefire/maven-surefire-plugin/xsd/surefire-test-report.xsd" name="TestSuite" time="7.207" tests="9" errors="0" skipped="0" failures="0">
  <properties>
    <property name="java.specification.version" value="17"/>
    <property name="sun.jnu.encoding" value="UTF-8"/>
    <property name="java.class.path" value="/Users/challaprasad/Documents/Java-Selenium/RestAssuredAutomationAPI/target/test-classes:/Users/challaprasad/Documents/Java-Selenium/RestAssuredAutomationAPI/target/classes:/Users/challaprasad/.m2/repository/io/rest-assured/rest-assured/4.1.2/rest-assured-4.1.2.jar:/Users/challaprasad/.m2/repository/org/codehaus/groovy/groovy-xml/2.5.8/groovy-xml-2.5.8.jar:/Users/challaprasad/.m2/repository/org/apache/httpcomponents/httpclient/4.5.3/httpclient-4.5.3.jar:/Users/challaprasad/.m2/repository/org/apache/httpcomponents/httpcore/4.4.6/httpcore-4.4.6.jar:/Users/challaprasad/.m2/repository/commons-logging/commons-logging/1.2/commons-logging-1.2.jar:/Users/challaprasad/.m2/repository/org/apache/httpcomponents/httpmime/4.5.3/httpmime-4.5.3.jar:/Users/challaprasad/.m2/repository/org/hamcrest/hamcrest/2.1/hamcrest-2.1.jar:/Users/challaprasad/.m2/repository/org/ccil/cowan/tagsoup/tagsoup/1.2.1/tagsoup-1.2.1.jar:/Users/challaprasad/.m2/repository/io/rest-assured/json-path/4.1.2/json-path-4.1.2.jar:/Users/challaprasad/.m2/repository/io/rest-assured/rest-assured-common/4.1.2/rest-assured-common-4.1.2.jar:/Users/challaprasad/.m2/repository/io/rest-assured/xml-path/4.1.2/xml-path-4.1.2.jar:/Users/challaprasad/.m2/repository/org/apache/commons/commons-lang3/3.4/commons-lang3-3.4.jar:/Users/challaprasad/.m2/repository/javax/xml/bind/jaxb-api/2.3.1/jaxb-api-2.3.1.jar:/Users/challaprasad/.m2/repository/javax/activation/javax.activation-api/1.2.0/javax.activation-api-1.2.0.jar:/Users/challaprasad/.m2/repository/com/sun/xml/bind/jaxb-osgi/2.3.0.1/jaxb-osgi-2.3.0.1.jar:/Users/challaprasad/.m2/repository/org/apache/sling/org.apache.sling.javax.activation/0.1.0/org.apache.sling.javax.activation-0.1.0.jar:/Users/challaprasad/.m2/repository/javax/activation/activation/1.1.1/activation-1.1.1.jar:/Users/challaprasad/.m2/repository/org/testng/testng/6.14.3/testng-6.14.3.jar:/Users/challaprasad/.m2/repository/com/beust/jcommander/1.72/jcommander-1.72.jar:/Users/challaprasad/.m2/repository/org/apache-extras/beanshell/bsh/2.0b6/bsh-2.0b6.jar:/Users/challaprasad/.m2/repository/io/rest-assured/json-schema-validator/5.3.0/json-schema-validator-5.3.0.jar:/Users/challaprasad/.m2/repository/com/github/java-json-tools/json-schema-validator/2.2.14/json-schema-validator-2.2.14.jar:/Users/challaprasad/.m2/repository/com/google/guava/guava/28.2-android/guava-28.2-android.jar:/Users/challaprasad/.m2/repository/com/google/guava/failureaccess/1.0.1/failureaccess-1.0.1.jar:/Users/challaprasad/.m2/repository/com/google/guava/listenablefuture/9999.0-empty-to-avoid-conflict-with-guava/listenablefuture-9999.0-empty-to-avoid-conflict-with-guava.jar:/Users/challaprasad/.m2/repository/org/checkerframework/checker-compat-qual/2.5.5/checker-compat-qual-2.5.5.jar:/Users/challaprasad/.m2/repository/com/google/errorprone/error_prone_annotations/2.3.4/error_prone_annotations-2.3.4.jar:/Users/challaprasad/.m2/repository/com/google/j2objc/j2objc-annotations/1.3/j2objc-annotations-1.3.jar:/Users/challaprasad/.m2/repository/com/github/java-json-tools/jackson-coreutils-equivalence/1.0/jackson-coreutils-equivalence-1.0.jar:/Users/challaprasad/.m2/repository/com/github/java-json-tools/jackson-coreutils/2.0/jackson-coreutils-2.0.jar:/Users/challaprasad/.m2/repository/com/github/java-json-tools/msg-simple/1.2/msg-simple-1.2.jar:/Users/challaprasad/.m2/repository/com/github/java-json-tools/btf/1.3/btf-1.3.jar:/Users/challaprasad/.m2/repository/com/github/java-json-tools/json-schema-core/1.2.14/json-schema-core-1.2.14.jar:/Users/challaprasad/.m2/repository/com/github/java-json-tools/uri-template/0.10/uri-template-0.10.jar:/Users/challaprasad/.m2/repository/org/mozilla/rhino/1.7.7.2/rhino-1.7.7.2.jar:/Users/challaprasad/.m2/repository/com/sun/mail/mailapi/1.6.2/mailapi-1.6.2.jar:/Users/challaprasad/.m2/repository/joda-time/joda-time/2.10.5/joda-time-2.10.5.jar:/Users/challaprasad/.m2/repository/com/googlecode/libphonenumber/libphonenumber/8.11.1/libphonenumber-8.11.1.jar:/Users/challaprasad/.m2/repository/com/google/code/findbugs/jsr305/3.0.2/jsr305-3.0.2.jar:/Users/challaprasad/.m2/repository/net/sf/jopt-simple/jopt-simple/5.0.4/jopt-simple-5.0.4.jar:/Users/challaprasad/.m2/repository/com/fasterxml/jackson/core/jackson-core/2.14.2/jackson-core-2.14.2.jar:/Users/challaprasad/.m2/repository/org/codehaus/groovy/groovy-ant/3.0.8/groovy-ant-3.0.8.jar:/Users/challaprasad/.m2/repository/org/apache/ant/ant/1.10.9/ant-1.10.9.jar:/Users/challaprasad/.m2/repository/org/apache/ant/ant-junit/1.10.9/ant-junit-1.10.9.jar:/Users/challaprasad/.m2/repository/org/apache/ant/ant-launcher/1.10.9/ant-launcher-1.10.9.jar:/Users/challaprasad/.m2/repository/org/apache/ant/ant-antlr/1.10.9/ant-antlr-1.10.9.jar:/Users/challaprasad/.m2/repository/org/codehaus/groovy/groovy-astbuilder/3.0.8/groovy-astbuilder-3.0.8.jar:/Users/challaprasad/.m2/repository/org/codehaus/groovy/groovy-cli-picocli/3.0.8/groovy-cli-picocli-3.0.8.jar:/Users/challaprasad/.m2/repository/info/picocli/picocli/4.5.2/picocli-4.5.2.jar:/Users/challaprasad/.m2/repository/org/codehaus/groovy/groovy-console/3.0.8/groovy-console-3.0.8.jar:/Users/challaprasad/.m2/repository/org/codehaus/groovy/groovy-datetime/3.0.8/groovy-datetime-3.0.8.jar:/Users/challaprasad/.m2/repository/org/codehaus/groovy/groovy-docgenerator/3.0.8/groovy-docgenerator-3.0.8.jar:/Users/challaprasad/.m2/repository/com/thoughtworks/qdox/qdox/1.12.1/qdox-1.12.1.jar:/Users/challaprasad/.m2/repository/org/codehaus/groovy/groovy-groovydoc/3.0.8/groovy-groovydoc-3.0.8.jar:/Users/challaprasad/.m2/repository/com/github/javaparser/javaparser-core/3.18.0/javaparser-core-3.18.0.jar:/Users/challaprasad/.m2/repository/org/codehaus/groovy/groovy-groovysh/3.0.8/groovy-groovysh-3.0.8.jar:/Users/challaprasad/.m2/repository/jline/jline/2.14.6/jline-2.14.6.jar:/Users/challaprasad/.m2/repository/org/codehaus/groovy/groovy-jmx/3.0.8/groovy-jmx-3.0.8.jar:/Users/challaprasad/.m2/repository/org/codehaus/groovy/groovy-jsr223/3.0.8/groovy-jsr223-3.0.8.jar:/Users/challaprasad/.m2/repository/org/codehaus/groovy/groovy-macro/3.0.8/groovy-macro-3.0.8.jar:/Users/challaprasad/.m2/repository/org/codehaus/groovy/groovy-nio/3.0.8/groovy-nio-3.0.8.jar:/Users/challaprasad/.m2/repository/org/codehaus/groovy/groovy-servlet/3.0.8/groovy-servlet-3.0.8.jar:/Users/challaprasad/.m2/repository/org/codehaus/groovy/groovy-sql/3.0.8/groovy-sql-3.0.8.jar:/Users/challaprasad/.m2/repository/org/codehaus/groovy/groovy-swing/3.0.8/groovy-swing-3.0.8.jar:/Users/challaprasad/.m2/repository/org/codehaus/groovy/groovy-templates/3.0.8/groovy-templates-3.0.8.jar:/Users/challaprasad/.m2/repository/org/codehaus/groovy/groovy-test/3.0.8/groovy-test-3.0.8.jar:/Users/challaprasad/.m2/repository/junit/junit/4.13.2/junit-4.13.2.jar:/Users/challaprasad/.m2/repository/org/hamcrest/hamcrest-core/1.3/hamcrest-core-1.3.jar:/Users/challaprasad/.m2/repository/org/codehaus/groovy/groovy-test-junit5/3.0.8/groovy-test-junit5-3.0.8.jar:/Users/challaprasad/.m2/repository/org/junit/jupiter/junit-jupiter-api/5.7.0/junit-jupiter-api-5.7.0.jar:/Users/challaprasad/.m2/repository/org/opentest4j/opentest4j/1.2.0/opentest4j-1.2.0.jar:/Users/challaprasad/.m2/repository/org/junit/platform/junit-platform-launcher/1.7.0/junit-platform-launcher-1.7.0.jar:/Users/challaprasad/.m2/repository/org/junit/platform/junit-platform-engine/1.7.0/junit-platform-engine-1.7.0.jar:/Users/challaprasad/.m2/repository/org/junit/platform/junit-platform-commons/1.7.0/junit-platform-commons-1.7.0.jar:/Users/challaprasad/.m2/repository/org/junit/jupiter/junit-jupiter-engine/5.7.0/junit-jupiter-engine-5.7.0.jar:/Users/challaprasad/.m2/repository/org/codehaus/groovy/groovy-testng/3.0.8/groovy-testng-3.0.8.jar:/Users/challaprasad/.m2/repository/org/codehaus/groovy/groovy/3.0.8/groovy-3.0.8.jar:/Users/challaprasad/.m2/repository/org/codehaus/groovy/groovy-json/3.0.8/groovy-json-3.0.8.jar:/Users/challaprasad/.m2/repository/commons-io/commons-io/1.3.2/commons-io-1.3.2.jar:/Users/challaprasad/.m2/repository/org/apache/poi/poi/3.9/poi-3.9.jar:/Users/challaprasad/.m2/repository/commons-codec/commons-codec/1.5/commons-codec-1.5.jar:/Users/challaprasad/.m2/repository/org/apache/poi/poi-ooxml/3.9/poi-ooxml-3.9.jar:/Users/challaprasad/.m2/repository/dom4j/dom4j/1.6.1/dom4j-1.6.1.jar:/Users/challaprasad/.m2/repository/xml-apis/xml-apis/1.0.b2/xml-apis-1.0.b2.jar:/Users/challaprasad/.m2/repository/org/apache/poi/poi-ooxml-schemas/3.9/poi-ooxml-schemas-3.9.jar:/Users/challaprasad/.m2/repository/org/apache/xmlbeans/xmlbeans/2.3.0/xmlbeans-2.3.0.jar:/Users/challaprasad/.m2/repository/stax/stax-api/1.0.1/stax-api-1.0.1.jar:/Users/challaprasad/.m2/repository/org/apache/poi/poi-scratchpad/3.9/poi-scratchpad-3.9.jar:/Users/challaprasad/.m2/repository/org/apache/poi/ooxml-schemas/1.1/ooxml-schemas-1.1.jar:/Users/challaprasad/.m2/repository/org/apache/poi/openxml4j/1.0-beta/openxml4j-1.0-beta.jar:/Users/challaprasad/.m2/repository/log4j/log4j/1.2.8/log4j-1.2.8.jar:/Users/challaprasad/.m2/repository/io/qameta/allure/allure-testng/2.12.0/allure-testng-2.12.0.jar:/Users/challaprasad/.m2/repository/io/qameta/allure/allure-java-commons/2.12.0/allure-java-commons-2.12.0.jar:/Users/challaprasad/.m2/repository/io/qameta/allure/allure-model/2.12.0/allure-model-2.12.0.jar:/Users/challaprasad/.m2/repository/org/slf4j/slf4j-api/1.7.25/slf4j-api-1.7.25.jar:/Users/challaprasad/.m2/repository/com/fasterxml/jackson/core/jackson-databind/2.9.8/jackson-databind-2.9.8.jar:/Users/challaprasad/.m2/repository/com/fasterxml/jackson/core/jackson-annotations/2.9.0/jackson-annotations-2.9.0.jar:/Users/challaprasad/.m2/repository/org/apache/tika/tika-core/1.20/tika-core-1.20.jar:/Users/challaprasad/.m2/repository/org/jooq/joor-java-8/0.9.10/joor-java-8-0.9.10.jar:/Users/challaprasad/.m2/repository/com/aventstack/extentreports/3.1.5/extentreports-3.1.5.jar:/Users/challaprasad/.m2/repository/org/freemarker/freemarker/2.3.23/freemarker-2.3.23.jar:/Users/challaprasad/.m2/repository/org/mongodb/mongodb-driver/3.3.0/mongodb-driver-3.3.0.jar:/Users/challaprasad/.m2/repository/org/mongodb/bson/3.3.0/bson-3.3.0.jar:/Users/challaprasad/.m2/repository/org/mongodb/mongodb-driver-core/3.3.0/mongodb-driver-core-3.3.0.jar:/Users/challaprasad/.m2/repository/org/jsoup/jsoup/1.9.2/jsoup-1.9.2.jar:/Users/challaprasad/.m2/repository/com/google/code/gson/gson/2.8.0/gson-2.8.0.jar:"/>
    <property name="java.vm.vendor" value="Eclipse Adoptium"/>
    <property name="sun.arch.data.model" value="64"/>
    <property name="java.vendor.url" value="https://adoptium.net/"/>
    <property name="os.name" value="Mac OS X"/>
    <property name="java.vm.specification.version" value="17"/>
    <property name="sun.java.launcher" value="SUN_STANDARD"/>
    <property name="user.country" value="IN"/>
    <property name="sun.boot.library.path" value="/Volumes/Eclipse/Eclipse.app/Contents/Eclipse/plugins/org.eclipse.justj.openjdk.hotspot.jre.full.macosx.x86_64_17.0.5.v20221102-0933/jre/lib"/>
    <property name="sun.java.command" value="/Users/challaprasad/Documents/Java-Selenium/RestAssuredAutomationAPI/target/surefire/surefirebooter16773312458795403732.jar /Users/challaprasad/Documents/Java-Selenium/RestAssuredAutomationAPI/target/surefire 2023-03-16T14-52-36_239-jvmRun1 surefire7719104159135384756tmp surefire_0657126060723940834tmp"/>
    <property name="http.nonProxyHosts" value="local|*.local|169.254/16|*.169.254/16"/>
    <property name="jdk.debug" value="release"/>
    <property name="surefire.test.class.path" value="/Users/challaprasad/Documents/Java-Selenium/RestAssuredAutomationAPI/target/test-classes:/Users/challaprasad/Documents/Java-Selenium/RestAssuredAutomationAPI/target/classes:/Users/challaprasad/.m2/repository/io/rest-assured/rest-assured/4.1.2/rest-assured-4.1.2.jar:/Users/challaprasad/.m2/repository/org/codehaus/groovy/groovy-xml/2.5.8/groovy-xml-2.5.8.jar:/Users/challaprasad/.m2/repository/org/apache/httpcomponents/httpclient/4.5.3/httpclient-4.5.3.jar:/Users/challaprasad/.m2/repository/org/apache/httpcomponents/httpcore/4.4.6/httpcore-4.4.6.jar:/Users/challaprasad/.m2/repository/commons-logging/commons-logging/1.2/commons-logging-1.2.jar:/Users/challaprasad/.m2/repository/org/apache/httpcomponents/httpmime/4.5.3/httpmime-4.5.3.jar:/Users/challaprasad/.m2/repository/org/hamcrest/hamcrest/2.1/hamcrest-2.1.jar:/Users/challaprasad/.m2/repository/org/ccil/cowan/tagsoup/tagsoup/1.2.1/tagsoup-1.2.1.jar:/Users/challaprasad/.m2/repository/io/rest-assured/json-path/4.1.2/json-path-4.1.2.jar:/Users/challaprasad/.m2/repository/io/rest-assured/rest-assured-common/4.1.2/rest-assured-common-4.1.2.jar:/Users/challaprasad/.m2/repository/io/rest-assured/xml-path/4.1.2/xml-path-4.1.2.jar:/Users/challaprasad/.m2/repository/org/apache/commons/commons-lang3/3.4/commons-lang3-3.4.jar:/Users/challaprasad/.m2/repository/javax/xml/bind/jaxb-api/2.3.1/jaxb-api-2.3.1.jar:/Users/challaprasad/.m2/repository/javax/activation/javax.activation-api/1.2.0/javax.activation-api-1.2.0.jar:/Users/challaprasad/.m2/repository/com/sun/xml/bind/jaxb-osgi/2.3.0.1/jaxb-osgi-2.3.0.1.jar:/Users/challaprasad/.m2/repository/org/apache/sling/org.apache.sling.javax.activation/0.1.0/org.apache.sling.javax.activation-0.1.0.jar:/Users/challaprasad/.m2/repository/javax/activation/activation/1.1.1/activation-1.1.1.jar:/Users/challaprasad/.m2/repository/org/testng/testng/6.14.3/testng-6.14.3.jar:/Users/challaprasad/.m2/repository/com/beust/jcommander/1.72/jcommander-1.72.jar:/Users/challaprasad/.m2/repository/org/apache-extras/beanshell/bsh/2.0b6/bsh-2.0b6.jar:/Users/challaprasad/.m2/repository/io/rest-assured/json-schema-validator/5.3.0/json-schema-validator-5.3.0.jar:/Users/challaprasad/.m2/repository/com/github/java-json-tools/json-schema-validator/2.2.14/json-schema-validator-2.2.14.jar:/Users/challaprasad/.m2/repository/com/google/guava/guava/28.2-android/guava-28.2-android.jar:/Users/challaprasad/.m2/repository/com/google/guava/failureaccess/1.0.1/failureaccess-1.0.1.jar:/Users/challaprasad/.m2/repository/com/google/guava/listenablefuture/9999.0-empty-to-avoid-conflict-with-guava/listenablefuture-9999.0-empty-to-avoid-conflict-with-guava.jar:/Users/challaprasad/.m2/repository/org/checkerframework/checker-compat-qual/2.5.5/checker-compat-qual-2.5.5.jar:/Users/challaprasad/.m2/repository/com/google/errorprone/error_prone_annotations/2.3.4/error_prone_annotations-2.3.4.jar:/Users/challaprasad/.m2/repository/com/google/j2objc/j2objc-annotations/1.3/j2objc-annotations-1.3.jar:/Users/challaprasad/.m2/repository/com/github/java-json-tools/jackson-coreutils-equivalence/1.0/jackson-coreutils-equivalence-1.0.jar:/Users/challaprasad/.m2/repository/com/github/java-json-tools/jackson-coreutils/2.0/jackson-coreutils-2.0.jar:/Users/challaprasad/.m2/repository/com/github/java-json-tools/msg-simple/1.2/msg-simple-1.2.jar:/Users/challaprasad/.m2/repository/com/github/java-json-tools/btf/1.3/btf-1.3.jar:/Users/challaprasad/.m2/repository/com/github/java-json-tools/json-schema-core/1.2.14/json-schema-core-1.2.14.jar:/Users/challaprasad/.m2/repository/com/github/java-json-tools/uri-template/0.10/uri-template-0.10.jar:/Users/challaprasad/.m2/repository/org/mozilla/rhino/1.7.7.2/rhino-1.7.7.2.jar:/Users/challaprasad/.m2/repository/com/sun/mail/mailapi/1.6.2/mailapi-1.6.2.jar:/Users/challaprasad/.m2/repository/joda-time/joda-time/2.10.5/joda-time-2.10.5.jar:/Users/challaprasad/.m2/repository/com/googlecode/libphonenumber/libphonenumber/8.11.1/libphonenumber-8.11.1.jar:/Users/challaprasad/.m2/repository/com/google/code/findbugs/jsr305/3.0.2/jsr305-3.0.2.jar:/Users/challaprasad/.m2/repository/net/sf/jopt-simple/jopt-simple/5.0.4/jopt-simple-5.0.4.jar:/Users/challaprasad/.m2/repository/com/fasterxml/jackson/core/jackson-core/2.14.2/jackson-core-2.14.2.jar:/Users/challaprasad/.m2/repository/org/codehaus/groovy/groovy-ant/3.0.8/groovy-ant-3.0.8.jar:/Users/challaprasad/.m2/repository/org/apache/ant/ant/1.10.9/ant-1.10.9.jar:/Users/challaprasad/.m2/repository/org/apache/ant/ant-junit/1.10.9/ant-junit-1.10.9.jar:/Users/challaprasad/.m2/repository/org/apache/ant/ant-launcher/1.10.9/ant-launcher-1.10.9.jar:/Users/challaprasad/.m2/repository/org/apache/ant/ant-antlr/1.10.9/ant-antlr-1.10.9.jar:/Users/challaprasad/.m2/repository/org/codehaus/groovy/groovy-astbuilder/3.0.8/groovy-astbuilder-3.0.8.jar:/Users/challaprasad/.m2/repository/org/codehaus/groovy/groovy-cli-picocli/3.0.8/groovy-cli-picocli-3.0.8.jar:/Users/challaprasad/.m2/repository/info/picocli/picocli/4.5.2/picocli-4.5.2.jar:/Users/challaprasad/.m2/repository/org/codehaus/groovy/groovy-console/3.0.8/groovy-console-3.0.8.jar:/Users/challaprasad/.m2/repository/org/codehaus/groovy/groovy-datetime/3.0.8/groovy-datetime-3.0.8.jar:/Users/challaprasad/.m2/repository/org/codehaus/groovy/groovy-docgenerator/3.0.8/groovy-docgenerator-3.0.8.jar:/Users/challaprasad/.m2/repository/com/thoughtworks/qdox/qdox/1.12.1/qdox-1.12.1.jar:/Users/challaprasad/.m2/repository/org/codehaus/groovy/groovy-groovydoc/3.0.8/groovy-groovydoc-3.0.8.jar:/Users/challaprasad/.m2/repository/com/github/javaparser/javaparser-core/3.18.0/javaparser-core-3.18.0.jar:/Users/challaprasad/.m2/repository/org/codehaus/groovy/groovy-groovysh/3.0.8/groovy-groovysh-3.0.8.jar:/Users/challaprasad/.m2/repository/jline/jline/2.14.6/jline-2.14.6.jar:/Users/challaprasad/.m2/repository/org/codehaus/groovy/groovy-jmx/3.0.8/groovy-jmx-3.0.8.jar:/Users/challaprasad/.m2/repository/org/codehaus/groovy/groovy-jsr223/3.0.8/groovy-jsr223-3.0.8.jar:/Users/challaprasad/.m2/repository/org/codehaus/groovy/groovy-macro/3.0.8/groovy-macro-3.0.8.jar:/Users/challaprasad/.m2/repository/org/codehaus/groovy/groovy-nio/3.0.8/groovy-nio-3.0.8.jar:/Users/challaprasad/.m2/repository/org/codehaus/groovy/groovy-servlet/3.0.8/groovy-servlet-3.0.8.jar:/Users/challaprasad/.m2/repository/org/codehaus/groovy/groovy-sql/3.0.8/groovy-sql-3.0.8.jar:/Users/challaprasad/.m2/repository/org/codehaus/groovy/groovy-swing/3.0.8/groovy-swing-3.0.8.jar:/Users/challaprasad/.m2/repository/org/codehaus/groovy/groovy-templates/3.0.8/groovy-templates-3.0.8.jar:/Users/challaprasad/.m2/repository/org/codehaus/groovy/groovy-test/3.0.8/groovy-test-3.0.8.jar:/Users/challaprasad/.m2/repository/junit/junit/4.13.2/junit-4.13.2.jar:/Users/challaprasad/.m2/repository/org/hamcrest/hamcrest-core/1.3/hamcrest-core-1.3.jar:/Users/challaprasad/.m2/repository/org/codehaus/groovy/groovy-test-junit5/3.0.8/groovy-test-junit5-3.0.8.jar:/Users/challaprasad/.m2/repository/org/junit/jupiter/junit-jupiter-api/5.7.0/junit-jupiter-api-5.7.0.jar:/Users/challaprasad/.m2/repository/org/opentest4j/opentest4j/1.2.0/opentest4j-1.2.0.jar:/Users/challaprasad/.m2/repository/org/junit/platform/junit-platform-launcher/1.7.0/junit-platform-launcher-1.7.0.jar:/Users/challaprasad/.m2/repository/org/junit/platform/junit-platform-engine/1.7.0/junit-platform-engine-1.7.0.jar:/Users/challaprasad/.m2/repository/org/junit/platform/junit-platform-commons/1.7.0/junit-platform-commons-1.7.0.jar:/Users/challaprasad/.m2/repository/org/junit/jupiter/junit-jupiter-engine/5.7.0/junit-jupiter-engine-5.7.0.jar:/Users/challaprasad/.m2/repository/org/codehaus/groovy/groovy-testng/3.0.8/groovy-testng-3.0.8.jar:/Users/challaprasad/.m2/repository/org/codehaus/groovy/groovy/3.0.8/groovy-3.0.8.jar:/Users/challaprasad/.m2/repository/org/codehaus/groovy/groovy-json/3.0.8/groovy-json-3.0.8.jar:/Users/challaprasad/.m2/repository/commons-io/commons-io/1.3.2/commons-io-1.3.2.jar:/Users/challaprasad/.m2/repository/org/apache/poi/poi/3.9/poi-3.9.jar:/Users/challaprasad/.m2/repository/commons-codec/commons-codec/1.5/commons-codec-1.5.jar:/Users/challaprasad/.m2/repository/org/apache/poi/poi-ooxml/3.9/poi-ooxml-3.9.jar:/Users/challaprasad/.m2/repository/dom4j/dom4j/1.6.1/dom4j-1.6.1.jar:/Users/challaprasad/.m2/repository/xml-apis/xml-apis/1.0.b2/xml-apis-1.0.b2.jar:/Users/challaprasad/.m2/repository/org/apache/poi/poi-ooxml-schemas/3.9/poi-ooxml-schemas-3.9.jar:/Users/challaprasad/.m2/repository/org/apache/xmlbeans/xmlbeans/2.3.0/xmlbeans-2.3.0.jar:/Users/challaprasad/.m2/repository/stax/stax-api/1.0.1/stax-api-1.0.1.jar:/Users/challaprasad/.m2/repository/org/apache/poi/poi-scratchpad/3.9/poi-scratchpad-3.9.jar:/Users/challaprasad/.m2/repository/org/apache/poi/ooxml-schemas/1.1/ooxml-schemas-1.1.jar:/Users/challaprasad/.m2/repository/org/apache/poi/openxml4j/1.0-beta/openxml4j-1.0-beta.jar:/Users/challaprasad/.m2/repository/log4j/log4j/1.2.8/log4j-1.2.8.jar:/Users/challaprasad/.m2/repository/io/qameta/allure/allure-testng/2.12.0/allure-testng-2.12.0.jar:/Users/challaprasad/.m2/repository/io/qameta/allure/allure-java-commons/2.12.0/allure-java-commons-2.12.0.jar:/Users/challaprasad/.m2/repository/io/qameta/allure/allure-model/2.12.0/allure-model-2.12.0.jar:/Users/challaprasad/.m2/repository/org/slf4j/slf4j-api/1.7.25/slf4j-api-1.7.25.jar:/Users/challaprasad/.m2/repository/com/fasterxml/jackson/core/jackson-databind/2.9.8/jackson-databind-2.9.8.jar:/Users/challaprasad/.m2/repository/com/fasterxml/jackson/core/jackson-annotations/2.9.0/jackson-annotations-2.9.0.jar:/Users/challaprasad/.m2/repository/org/apache/tika/tika-core/1.20/tika-core-1.20.jar:/Users/challaprasad/.m2/repository/org/jooq/joor-java-8/0.9.10/joor-java-8-0.9.10.jar:/Users/challaprasad/.m2/repository/com/aventstack/extentreports/3.1.5/extentreports-3.1.5.jar:/Users/challaprasad/.m2/repository/org/freemarker/freemarker/2.3.23/freemarker-2.3.23.jar:/Users/challaprasad/.m2/repository/org/mongodb/mongodb-driver/3.3.0/mongodb-driver-3.3.0.jar:/Users/challaprasad/.m2/repository/org/mongodb/bson/3.3.0/bson-3.3.0.jar:/Users/challaprasad/.m2/repository/org/mongodb/mongodb-driver-core/3.3.0/mongodb-driver-core-3.3.0.jar:/Users/challaprasad/.m2/repository/org/jsoup/jsoup/1.9.2/jsoup-1.9.2.jar:/Users/challaprasad/.m2/repository/com/google/code/gson/gson/2.8.0/gson-2.8.0.jar:"/>
    <property name="sun.cpu.endian" value="little"/>
    <property name="user.home" value="/Users/challaprasad"/>
    <property name="user.language" value="en"/>
    <property name="java.specification.vendor" value="Oracle Corporation"/>
    <property name="java.version.date" value="2022-10-18"/>
    <property name="java.home" value="/Volumes/Eclipse/Eclipse.app/Contents/Eclipse/plugins/org.eclipse.justj.openjdk.hotspot.jre.full.macosx.x86_64_17.0.5.v20221102-0933/jre"/>
    <property name="file.separator" value="/"/>
    <property name="style.color" value="always"/>
    <property name="basedir" value="/Users/challaprasad/Documents/Java-Selenium/RestAssuredAutomationAPI"/>
    <property name="java.vm.compressedOopsMode" value="Zero based"/>
    <property name="line.separator" value="&#10;"/>
    <property name="java.vm.specification.vendor" value="Oracle Corporation"/>
    <property name="java.specification.name" value="Java Platform API Specification"/>
    <property name="surefire.real.class.path" value="/Users/challaprasad/Documents/Java-Selenium/RestAssuredAutomationAPI/target/surefire/surefirebooter16773312458795403732.jar"/>
    <property name="sun.management.compiler" value="HotSpot 64-Bit Tiered Compilers"/>
    <property name="ftp.nonProxyHosts" value="local|*.local|169.254/16|*.169.254/16"/>
    <property name="java.runtime.version" value="17.0.5+8"/>
    <property name="user.name" value="challaprasad"/>
    <property name="path.separator" value=":"/>
    <property name="os.version" value="13.2.1"/>
    <property name="java.runtime.name" value="OpenJDK Runtime Environment"/>
    <property name="file.encoding" value="UTF-8"/>
    <property name="java.vm.name" value="OpenJDK 64-Bit Server VM"/>
    <property name="java.vendor.version" value="Temurin-17.0.5+8"/>
    <property name="localRepository" value="/Users/challaprasad/.m2/repository"/>
    <property name="java.vendor.url.bug" value="https://github.com/adoptium/adoptium-support/issues"/>
    <property name="java.io.tmpdir" value="/var/folders/f0/9lxtbz79183b0vqbp4rp44080000gn/T/"/>
    <property name="java.version" value="17.0.5"/>
    <property name="user.dir" value="/Users/challaprasad/Documents/Java-Selenium/RestAssuredAutomationAPI"/>
    <property name="os.arch" value="x86_64"/>
    <property name="java.vm.specification.name" value="Java Virtual Machine Specification"/>
    <property name="native.encoding" value="UTF-8"/>
    <property name="java.library.path" value="/Users/challaprasad/Library/Java/Extensions:/Library/Java/Extensions:/Network/Library/Java/Extensions:/System/Library/Java/Extensions:/usr/lib/java:."/>
    <property name="java.vm.info" value="mixed mode"/>
    <property name="java.vendor" value="Eclipse Adoptium"/>
    <property name="java.vm.version" value="17.0.5+8"/>
    <property name="sun.io.unicode.encoding" value="UnicodeBig"/>
    <property name="socksNonProxyHosts" value="local|*.local|169.254/16|*.169.254/16"/>
    <property name="java.class.version" value="61.0"/>
  </properties>
  <testcase name="getAllUserTest" classname="com.qa1.api.gorest.tests.GetUserTest" time="1.93"/>
  <testcase name="getCallQueryParamTest" classname="com.qa1.api.gorest.tests.GetUserTest" time="0.514"/>
  <testcase name="postAPITest" classname="com.qa1.api.gorest.tests.postBookingAPITest" time="1.531"/>
  <testcase name="createUserTest" classname="com.qa1.api.gorest.tests.CreateUserTest" time="0.372"/>
  <testcase name="createUserTest" classname="com.qa1.api.gorest.tests.CreateUserTest" time="0.275"/>
  <testcase name="createUserTest" classname="com.qa1.api.gorest.tests.CreateUserTest" time="0.379"/>
  <testcase name="createUserTest" classname="com.qa1.api.gorest.tests.CreateUserTest" time="0.383"/>
  <testcase name="createUserTest" classname="com.qa1.api.gorest.tests.CreateUserTest" time="0.353"/>
  <testcase name="createUserTest" classname="com.qa1.api.gorest.tests.CreateUserTest" time="0.563"/>
</testsuite>