<?xml version="1.0" encoding="UTF-8"?>
<!-- Generated by org.testng.reporters.JUnitReportReporter -->
<testsuite hostname="192.168.0.129" failures="0" tests="1" name="com.qa1.api.gorest.pojo.BookingJson" time="0.176" errors="0" timestamp="15 Mar 2023 19:08:23 GMT" skipped="0">
  <testcase classname="com.qa1.api.gorest.pojo.BookingJson" name="getBookingJsonPayload" time="0.176"/>
</testsuite> <!-- com.qa1.api.gorest.pojo.BookingJson -->
