<?xml version="1.0" encoding="UTF-8"?>
<!-- Generated by org.testng.reporters.JUnitReportReporter -->
<testsuite hostname="192.168.0.129" failures="0" tests="2" name="com.qa1.api.gorest.tests.GetUserTest" time="1.952" errors="0" timestamp="17 Mar 2023 08:14:55 GMT" skipped="0">
  <testcase classname="com.qa1.api.gorest.tests.GetUserTest" name="getAllUserTest" time="1.545"/>
  <testcase classname="com.qa1.api.gorest.tests.GetUserTest" name="getCallQueryParamTest" time="0.407"/>
</testsuite> <!-- com.qa1.api.gorest.tests.GetUserTest -->
