<?xml version="1.0" encoding="UTF-8"?>
<!-- Generated by org.testng.reporters.JUnitReportReporter -->
<testsuite hostname="192.168.0.129" failures="0" tests="6" name="com.qa1.api.gorest.tests.CreateUserTest" time="3.734" errors="0" timestamp="16 Mar 2023 14:48:13 GMT" skipped="0">
  <testcase classname="com.qa1.api.gorest.tests.CreateUserTest" name="createUserTest" time="0.467"/>
  <testcase classname="com.qa1.api.gorest.tests.CreateUserTest" name="createUserTest" time="0.198"/>
  <testcase classname="com.qa1.api.gorest.tests.CreateUserTest" name="createUserTest" time="1.703"/>
  <testcase classname="com.qa1.api.gorest.tests.CreateUserTest" name="createUserTest" time="0.457"/>
  <testcase classname="com.qa1.api.gorest.tests.CreateUserTest" name="createUserTest" time="0.424"/>
  <testcase classname="com.qa1.api.gorest.tests.CreateUserTest" name="createUserTest" time="0.485"/>
</testsuite> <!-- com.qa1.api.gorest.tests.CreateUserTest -->
