<?xml version="1.0" encoding="UTF-8"?>
<!-- Generated by org.testng.reporters.JUnitReportReporter -->
<testsuite hostname="192.168.0.129" failures="0" tests="6" name="com.qa1.api.gorest.tests.CreateUserTest" time="3.352" errors="0" timestamp="17 Mar 2023 08:14:55 GMT" skipped="0">
  <testcase classname="com.qa1.api.gorest.tests.CreateUserTest" name="createUserTest" time="0.451"/>
  <testcase classname="com.qa1.api.gorest.tests.CreateUserTest" name="createUserTest" time="0.399"/>
  <testcase classname="com.qa1.api.gorest.tests.CreateUserTest" name="createUserTest" time="0.369"/>
  <testcase classname="com.qa1.api.gorest.tests.CreateUserTest" name="createUserTest" time="1.494"/>
  <testcase classname="com.qa1.api.gorest.tests.CreateUserTest" name="createUserTest" time="0.250"/>
  <testcase classname="com.qa1.api.gorest.tests.CreateUserTest" name="createUserTest" time="0.389"/>
</testsuite> <!-- com.qa1.api.gorest.tests.CreateUserTest -->
