<?xml version="1.0" encoding="UTF-8"?>
<!-- Generated by org.testng.reporters.JUnitReportReporter -->
<testsuite hostname="192.168.0.129" failures="0" tests="6" name="com.qa1.api.gorest.tests.CreateUserTest" time="2.325" errors="0" timestamp="16 Mar 2023 09:22:43 GMT" skipped="0">
  <testcase classname="com.qa1.api.gorest.tests.CreateUserTest" name="createUserTest" time="0.383"/>
  <testcase classname="com.qa1.api.gorest.tests.CreateUserTest" name="createUserTest" time="0.373"/>
  <testcase classname="com.qa1.api.gorest.tests.CreateUserTest" name="createUserTest" time="0.563"/>
  <testcase classname="com.qa1.api.gorest.tests.CreateUserTest" name="createUserTest" time="0.275"/>
  <testcase classname="com.qa1.api.gorest.tests.CreateUserTest" name="createUserTest" time="0.352"/>
  <testcase classname="com.qa1.api.gorest.tests.CreateUserTest" name="createUserTest" time="0.379"/>
</testsuite> <!-- com.qa1.api.gorest.tests.CreateUserTest -->
