<?xml version="1.0" encoding="UTF-8"?>
<!-- Generated by org.testng.reporters.JUnitReportReporter -->
<testsuite hostname="192.168.0.129" failures="0" tests="1" name="com.qa1.api.gorest.tests.postBookingAPITest" time="1.531" errors="0" timestamp="16 Mar 2023 09:22:43 GMT" skipped="0">
  <testcase classname="com.qa1.api.gorest.tests.postBookingAPITest" name="postAPITest" time="1.531"/>
</testsuite> <!-- com.qa1.api.gorest.tests.postBookingAPITest -->
